<?xml version="1.0" encoding="UTF-8"?>
<!-- Generated by org.testng.reporters.JUnitXMLReporter -->
<testsuite ignored="1" hostname="DESKTOP-M94BUN9" failures="1" tests="1" name="Application1 Test" time="21.963" errors="0" timestamp="2021-07-03T10:59:46 IST">
  <testcase classname="test.LoginTest3" name="LoginTestcase2" time="13.505">
    <failure type="java.lang.AssertionError" message="expected [Please enter a valid email address.] but found [Please enter a valid email address]">
      <![CDATA[java.lang.AssertionError: expected [Please enter a valid email address.] but found [Please enter a valid email address]
at pages.LoginPage1.Login(LoginPage1.java:89)
at test.LoginTest3.LoginTestcase2(LoginTest3.java:27)
at java.base/java.util.ArrayList.forEach(ArrayList.java:1511)
... Removed 33 stack frames]]>
    </failure>
  </testcase> <!-- LoginTestcase2 -->
  <testcase classname="test.LoginTest3" name="LoginTestcase" time="0.0">
    <ignored/>
  </testcase> <!-- LoginTestcase -->
</testsuite> <!-- Application1 Test -->
