<?xml version="1.0" encoding="UTF-8"?>
<testng-results ignored="1" total="2" passed="1" failed="0" skipped="0">
  <reporter-output>
  </reporter-output>
  <suite started-at="2021-06-26T12:30:02 IST" name="Suite" finished-at="2021-06-26T12:30:17 IST" duration-ms="15516">
    <groups>
    </groups>
    <test started-at="2021-06-26T12:30:02 IST" name="Test" finished-at="2021-06-26T12:30:17 IST" duration-ms="15516">
      <class name="test.LoginTest2">
        <test-method is-config="true" signature="Setup()[pri:0, instance:test.LoginTest2@2473d930]" started-at="2021-06-26T12:30:02 IST" name="Setup" finished-at="2021-06-26T12:30:08 IST" duration-ms="6019" status="PASS">
          <reporter-output>
          </reporter-output>
        </test-method> <!-- Setup -->
        <test-method signature="LoginTestcase2()[pri:0, instance:test.LoginTest2@2473d930]" started-at="2021-06-26T12:30:08 IST" name="LoginTestcase2" finished-at="2021-06-26T12:30:17 IST" duration-ms="9079" status="PASS">
          <reporter-output>
          </reporter-output>
        </test-method> <!-- LoginTestcase2 -->
        <test-method is-config="true" signature="teardown()[pri:0, instance:test.LoginTest2@2473d930]" started-at="2021-06-26T12:30:17 IST" name="teardown" finished-at="2021-06-26T12:30:17 IST" duration-ms="355" status="PASS">
          <reporter-output>
          </reporter-output>
        </test-method> <!-- teardown -->
      </class> <!-- test.LoginTest2 -->
    </test> <!-- Test -->
  </suite> <!-- Suite -->
</testng-results>
