<?xml version="1.0" encoding="UTF-8"?>
<!-- Generated by org.testng.reporters.JUnitXMLReporter -->
<testsuite ignored="0" hostname="DESKTOP-M94BUN9" failures="0" tests="4" name="Test" time="0.052" errors="0" timestamp="2021-06-19T10:31:32 IST">
  <testcase classname="test.TestCase2" name="HomePage" time="0.004"/>
  <testcase classname="test1.TestCase3" name="CheckOutHomePage" time="0.001"/>
  <testcase classname="test.TestCase1" name="LoginTest" time="0.002"/>
  <testcase classname="test.TestCase1" name="SignUpTest" time="0.001"/>
</testsuite> <!-- Test -->
