<?xml version="1.0" encoding="UTF-8"?>
<!-- Generated by org.testng.reporters.JUnitXMLReporter -->
<testsuite ignored="1" hostname="DESKTOP-M94BUN9" failures="0" tests="1" name="Application1 Test" time="14.408" errors="0" timestamp="2021-06-26T11:47:23 IST">
  <testcase classname="test.LoginTest2" name="LoginTestcase2" time="8.755"/>
  <testcase classname="test.LoginTest2" name="LoginTestcase" time="0.0">
    <ignored/>
  </testcase> <!-- LoginTestcase -->
</testsuite> <!-- Application1 Test -->
