<?xml version="1.0" encoding="UTF-8"?>
<testng-results ignored="1" total="2" passed="1" failed="0" skipped="0">
  <reporter-output>
  </reporter-output>
  <suite started-at="2021-06-26T11:47:09 IST" name="Sanity Suite" finished-at="2021-06-26T11:47:23 IST" duration-ms="14408">
    <groups>
    </groups>
    <test started-at="2021-06-26T11:47:09 IST" name="Application1 Test" finished-at="2021-06-26T11:47:23 IST" duration-ms="14408">
      <class name="test.LoginTest2">
        <test-method is-config="true" signature="Setup()[pri:0, instance:test.LoginTest2@48aaecc3]" started-at="2021-06-26T11:47:09 IST" name="Setup" finished-at="2021-06-26T11:47:14 IST" duration-ms="5382" status="PASS">
          <reporter-output>
          </reporter-output>
        </test-method> <!-- Setup -->
        <test-method signature="LoginTestcase2()[pri:0, instance:test.LoginTest2@48aaecc3]" started-at="2021-06-26T11:47:14 IST" name="LoginTestcase2" finished-at="2021-06-26T11:47:23 IST" duration-ms="8755" status="PASS">
          <reporter-output>
          </reporter-output>
        </test-method> <!-- LoginTestcase2 -->
        <test-method is-config="true" signature="teardown()[pri:0, instance:test.LoginTest2@48aaecc3]" started-at="2021-06-26T11:47:23 IST" name="teardown" finished-at="2021-06-26T11:47:23 IST" duration-ms="241" status="PASS">
          <reporter-output>
          </reporter-output>
        </test-method> <!-- teardown -->
      </class> <!-- test.LoginTest2 -->
    </test> <!-- Application1 Test -->
  </suite> <!-- Sanity Suite -->
</testng-results>
