<?xml version="1.0" encoding="UTF-8"?>
<!-- Generated by org.testng.reporters.JUnitXMLReporter -->
<testsuite ignored="2" hostname="DESKTOP-M94BUN9" failures="0" tests="1" name="Application1 Test" time="0.056" errors="0" timestamp="2021-06-19T11:43:23 IST">
  <testcase classname="test.TestCase2" name="HomePage" time="0.007"/>
  <testcase classname="test.TestCase2" name="HomePage2" time="0.0">
    <ignored/>
  </testcase> <!-- HomePage2 -->
  <testcase classname="test.TestCase2" name="HomePage1" time="0.0">
    <ignored/>
  </testcase> <!-- HomePage1 -->
</testsuite> <!-- Application1 Test -->
