<?xml version="1.0" encoding="UTF-8"?>
<testng-results ignored="0" total="2" passed="2" failed="0" skipped="0">
  <reporter-output>
  </reporter-output>
  <suite started-at="2021-06-20T13:22:57 IST" name="Sanity Suite" finished-at="2021-06-20T13:23:02 IST" duration-ms="4419">
    <groups>
    </groups>
    <test started-at="2021-06-20T13:22:57 IST" name="Application1 Test" finished-at="2021-06-20T13:23:02 IST" duration-ms="4419">
      <class name="shopping.AddToCart">
        <test-method is-config="true" signature="Setup()[pri:0, instance:shopping.AddToCart@4b5d6a01]" started-at="2021-06-20T13:22:57 IST" name="Setup" finished-at="2021-06-20T13:23:00 IST" duration-ms="3071" status="PASS">
          <reporter-output>
          </reporter-output>
        </test-method> <!-- Setup -->
        <test-method signature="Login(java.lang.String,java.lang.String)[pri:0, instance:shopping.AddToCart@4b5d6a01]" started-at="2021-06-20T13:23:00 IST" name="Login" finished-at="2021-06-20T13:23:01 IST" duration-ms="414" status="PASS">
          <params>
            <param index="0">
              <value>
                <![CDATA[standard_user]]>
              </value>
            </param>
            <param index="1">
              <value>
                <![CDATA[secret_sauce]]>
              </value>
            </param>
          </params>
          <reporter-output>
          </reporter-output>
        </test-method> <!-- Login -->
        <test-method signature="AddToCarts()[pri:0, instance:shopping.AddToCart@4b5d6a01]" started-at="2021-06-20T13:23:01 IST" name="AddToCarts" finished-at="2021-06-20T13:23:01 IST" depends-on-methods="shopping.AddToCart.Login" duration-ms="209" status="PASS">
          <reporter-output>
          </reporter-output>
        </test-method> <!-- AddToCarts -->
        <test-method is-config="true" signature="teardown()[pri:0, instance:shopping.AddToCart@4b5d6a01]" started-at="2021-06-20T13:23:01 IST" name="teardown" finished-at="2021-06-20T13:23:02 IST" duration-ms="664" status="PASS">
          <reporter-output>
          </reporter-output>
        </test-method> <!-- teardown -->
      </class> <!-- shopping.AddToCart -->
    </test> <!-- Application1 Test -->
  </suite> <!-- Sanity Suite -->
</testng-results>
